07:12:30,background job bfy,START,32842
07:12:57,background job otz,START,68841
07:13:34,scheduled task 492,START,66916
07:13:55,scheduled task 656,START,46587
07:14:25,scheduled task 751,START,71932
07:14:42,scheduled task 656,END,46587
07:14:51,scheduled task 487,START,33214
07:15:12,scheduled task 692,START,81109
07:15:20,background job fgu,START,99646
07:15:37,scheduled task 138,START,43181
07:15:47,background job blz,START,22853
07:16:04,background job chm,START,67177
07:16:11,scheduled task 777,START,72539
07:16:53,background job blz,END,22853
07:17:12,background job bgx,START,21145
07:17:38,scheduled task 388,START,30010
07:17:41,background job otz,END,68841
07:17:50,scheduled task 984,START,36331
07:17:50,background job chm,END,67177
07:18:03,scheduled task 875,START,37853
07:18:18,scheduled task 751,END,71932
07:18:19,scheduled task 492,END,66916
07:18:38,background job dfz,START,53138
07:18:55,scheduled task 282,START,14630
07:19:07,scheduled task 558,START,44570
07:19:09,scheduled task 558,END,44570
07:19:12,background job blr,START,68094
07:19:13,scheduled task 595,START,65305
07:19:25,scheduled task 158,START,17111
07:19:35,scheduled task 201,START,56013
07:19:36,background job bfy,END,32842
07:19:41,scheduled task 692,END,81109
07:19:41,background job bgx,END,21145
07:19:55,background job ekx,START,95391
07:20:17,scheduled task 464,START,48428
07:20:23,scheduled task 138,END,43181
07:20:38,background job ako,START,69610
07:20:48,background job jkw,START,11088
07:21:11,scheduled task 144,START,27445
07:21:18,scheduled task 983,START,95649
07:21:23,background job qtu,START,95686
07:21:33,scheduled task 983,END,95649
07:22:00,background job ewx,START,85372
07:22:11,background job bpr,START,50343
07:22:48,background job ako,END,69610
07:22:51,background job fhm,START,57470
07:23:08,scheduled task 599,START,61490
07:23:12,scheduled task 201,END,56013
07:23:49,background job adv,START,92778
07:24:14,scheduled task 464,END,48428
07:24:21,scheduled task 899,START,34261
07:24:40,scheduled task 144,END,27445
07:24:44,scheduled task 531,START,31198
07:24:54,scheduled task 383,START,74560
07:25:00,background job fgu,END,99646
07:25:03,background job etz,START,59244
07:25:25,background job fhm,END,57470
07:25:31,scheduled task 282,END,14630
07:25:39,scheduled task 158,END,17111
07:25:53,background job ntu,START,29868
07:25:55,scheduled task 777,END,72539
07:26:07,scheduled task 185,START,76186
07:26:17,scheduled task 595,END,65305
07:26:31,background job ips,START,88892
07:26:32,scheduled task 955,START,99375
07:26:34,scheduled task 531,END,31198
07:26:35,background job opx,START,58408
07:26:36,scheduled task 369,START,34029
07:26:40,scheduled task 291,START,32257
07:26:41,background job otu,START,50339
07:26:43,background job imx,START,37146
07:26:46,scheduled task 875,END,37853
07:26:56,background job nvy,START,13300
07:26:59,background job ips,END,88892
07:27:03,scheduled task 388,END,30010
07:27:32,scheduled task 156,START,50270
07:27:38,scheduled task 406,START,57669
07:27:46,scheduled task 108,START,52458
07:28:03,background job blr,END,68094
07:28:04,scheduled task 853,START,67975
07:28:10,scheduled task 809,START,76643
07:28:11,background job gqr,START,49496
07:28:32,scheduled task 487,END,33214
07:28:40,scheduled task 599,END,61490
07:28:52,scheduled task 156,END,50270
07:28:53,scheduled task 406,END,57669
07:29:13,scheduled task 984,END,36331
07:29:17,scheduled task 804,START,17932
07:29:17,scheduled task 899,END,34261
07:29:27,background job otu,END,50339
07:29:32,background job bpr,END,50343
07:29:35,background job imx,END,37146
07:29:40,scheduled task 383,END,74560
07:29:44,background job hmz,START,45852
07:30:01,background job jkw,END,11088
07:30:03,background job ewx,END,85372
07:30:40,background job gqr,END,49496
07:30:40,scheduled task 185,END,76186
07:30:41,background job hny,START,23038
07:30:49,background job qtu,END,95686
07:31:07,scheduled task 853,END,67975
07:31:20,scheduled task 432,START,64385
07:31:24,scheduled task 215,START,57678
07:31:26,scheduled task 620,START,82523
07:31:32,background job adv,END,92778
07:31:34,scheduled task 897,START,13594
07:31:37,scheduled task 968,START,40354
07:31:48,scheduled task 369,END,34029
07:31:52,scheduled task 117,START,69514
07:31:56,scheduled task 431,START,80240
07:31:59,background job dfz,END,53138
07:32:06,background job bdm,START,93610
07:32:09,scheduled task 826,START,65785
07:32:11,background job ntu,END,29868
07:32:19,scheduled task 215,END,57678
07:32:23,scheduled task 955,END,99375
07:32:29,background job cmz,START,73071
07:32:34,scheduled task 620,END,82523
07:32:39,scheduled task 432,END,64385
07:33:16,scheduled task 826,END,65785
07:33:19,background job cgs,START,89238
07:33:23,scheduled task 882,START,56644
07:33:28,scheduled task 950,START,62562
07:33:47,background job etz,END,59244
07:33:53,background job dov,START,58718
07:34:06,background job nrz,START,31529
07:34:20,scheduled task 121,START,36705
07:34:32,scheduled task 950,END,62562
07:34:36,background job ekx,END,95391
07:34:58,scheduled task 480,START,51217
07:35:29,scheduled task 897,END,13594
07:35:35,scheduled task 809,END,76643
07:35:45,background job hny,END,23038
07:35:45,scheduled task 503,START,14867
07:36:18,scheduled task 210,START,64878
07:36:19,background job ehs,START,57722
07:36:28,scheduled task 480,END,51217
07:36:42,background job avw,START,93673
07:36:49,scheduled task 503,END,14867
07:36:59,background job gjw,START,34252
07:37:01,scheduled task 268,START,47821
07:37:25,scheduled task 978,START,53157
07:37:29,background job imq,START,43636
07:37:30,scheduled task 314,START,81224
07:37:31,scheduled task 121,END,36705
07:37:33,background job fkz,START,98379
07:37:48,background job nvy,END,13300
07:38:00,scheduled task 163,START,51087
07:38:08,background job ehs,END,57722
07:38:09,background job anp,START,72575
07:38:12,scheduled task 879,START,34920
07:38:24,scheduled task 783,START,40366
07:38:26,scheduled task 879,END,34920
07:38:40,background job giz,START,29689
07:39:36,scheduled task 268,END,47821
07:39:49,scheduled task 845,START,95385
07:40:00,background job hoq,START,70053
07:40:05,background job opx,END,58408
07:40:13,scheduled task 804,END,17932
07:40:24,background job pxz,START,18879
07:40:25,background job hmz,END,45852
07:40:26,background job hoq,END,70053
07:40:39,background job cmz,END,73071
07:40:43,scheduled task 291,END,32257
07:40:49,scheduled task 108,END,52458
07:41:12,background job bcw,START,10067
07:41:14,scheduled task 365,START,42946
07:41:16,scheduled task 978,END,53157
07:41:19,scheduled task 314,END,81224
07:41:20,background job nrz,END,31529
07:41:21,background job bjx,START,11398
07:41:31,background job svx,START,53267
07:41:32,background job adu,START,81483
07:41:36,scheduled task 163,END,51087
07:41:39,scheduled task 574,START,21320
07:41:40,scheduled task 124,START,22615
07:41:45,background job adu,END,81483
07:42:33,background job bdm,END,93610
07:42:57,scheduled task 365,END,42946
07:43:16,background job svx,END,53267
07:43:31,scheduled task 117,END,69514
07:43:45,background job giz,END,29689
07:43:52,background job dov,END,58718
07:44:49,scheduled task 783,END,40366
07:45:22,background job fkz,END,98379
07:45:51,scheduled task 882,END,56644
07:45:55,scheduled task 431,END,80240
07:45:57,scheduled task 968,END,40354
07:47:02,background job gjw,END,34252
07:47:30,scheduled task 210,END,64878
07:47:31,background job cgs,END,89238
07:47:47,background job bcw,END,10067
07:49:02,background job avw,END,93673
07:50:08,scheduled task 845,END,95385
07:50:47,background job bjx,END,11398
07:51:19,background job pxz,END,18879
07:51:44,scheduled task 124,END,22615
07:52:29,background job imq,END,43636
07:52:56,background job anp,END,72575
07:53:47,scheduled task 574,END,21320
