03:33:55,background job eox,START,72226
03:34:04,scheduled task 637,START,78019
03:34:22,scheduled task 637,END,78019
03:34:37,scheduled task 712,START,22883
03:34:52,background job gnx,START,82506
03:35:28,background job bfx,START,33173
03:35:53,scheduled task 588,START,76549
03:36:11,scheduled task 682,START,87901
03:36:12,background job nqu,START,64465
03:36:43,scheduled task 588,END,76549
03:36:45,background job bef,START,31044
03:36:48,scheduled task 849,START,19655
03:38:47,background job gnx,END,82506
03:39:06,background job bef,END,31044
03:39:57,background job eox,END,72226
03:42:46,background job bfx,END,33173
03:42:47,scheduled task 682,END,87901
03:45:18,scheduled task 712,END,22883
03:47:05,background job nqu,END,64465
03:48:01,scheduled task 849,END,19655
