00:40:20,scheduled task 146,START,43040
00:41:46,scheduled task 954,START,75963
00:41:49,scheduled task 146,END,43040
00:42:01,background job dku,START,16962
00:42:38,background job dfl,START,94730
00:42:54,background job jqu,START,64311
00:43:03,background job dtu,START,68951
00:43:10,scheduled task 797,START,66589
00:43:19,background job iny,START,72228
00:43:20,background job chy,START,10909
00:43:28,scheduled task 944,START,10182
00:43:36,background job aeh,START,84160
00:43:42,background job hiz,START,46622
00:43:45,background job chy,END,10909
00:44:01,scheduled task 377,START,99801
00:44:08,background job pxz,START,96586
00:44:27,scheduled task 337,START,18053
00:44:53,background job alp,START,70897
00:45:06,background job aip,START,26069
00:45:07,scheduled task 377,END,99801
00:45:23,background job dlr,START,59811
00:45:49,background job dfl,END,94730
00:45:50,background job alp,END,70897
00:45:50,scheduled task 267,START,67099
00:45:57,scheduled task 760,START,37645
00:45:59,scheduled task 588,START,22769
00:46:09,background job kru,START,38863
00:46:16,background job aeh,END,84160
00:46:28,background job ipw,START,89701
00:46:41,background job dlr,END,59811
00:46:57,background job ipv,START,67453
00:47:02,background job der,START,69114
00:47:05,background job hps,START,80752
00:47:09,scheduled task 567,START,86874
00:47:25,background job kru,END,38863
00:47:26,background job ckw,START,87290
00:47:31,background job uvy,START,66770
00:47:33,background job ost,START,13307
00:47:47,scheduled task 449,START,80635
00:47:53,background job ehx,START,53590
00:48:22,scheduled task 576,START,93901
00:48:38,background job gks,START,25348
00:48:39,background job ost,END,13307
00:48:54,scheduled task 337,END,18053
00:49:01,scheduled task 760,END,37645
00:49:07,scheduled task 954,END,75963
00:49:09,background job ciq,START,11721
00:49:10,background job mrs,START,77436
00:49:14,scheduled task 423,START,67806
00:49:15,background job ciq,END,11721
00:49:28,background job jqu,END,64311
00:49:37,scheduled task 588,END,22769
00:49:38,background job iny,END,72228
00:49:38,scheduled task 392,START,96996
00:49:39,scheduled task 805,START,84161
00:49:40,background job aio,START,54684
00:50:06,scheduled task 404,START,71508
00:50:10,scheduled task 392,END,96996
00:50:16,background job ivy,START,49625
00:50:19,background job ivy,END,49625
00:50:34,scheduled task 499,START,56763
00:50:35,scheduled task 267,END,67099
00:50:38,background job pvz,START,79196
00:50:48,background job der,END,69114
00:50:50,scheduled task 437,START,41594
00:50:52,background job knu,START,58145
00:51:06,scheduled task 231,START,24929
00:51:08,background job twy,START,34187
00:51:16,scheduled task 668,START,43280
00:51:27,background job ckw,END,87290
00:51:38,scheduled task 643,START,40321
00:51:51,background job dtu,END,68951
00:51:55,background job ipv,END,67453
00:52:44,background job ehx,END,53590
00:53:16,background job twy,END,34187
00:53:56,background job hiz,END,46622
00:54:24,scheduled task 797,END,66589
00:54:54,scheduled task 576,END,93901
00:54:56,scheduled task 404,END,71508
00:54:58,scheduled task 944,END,10182
00:55:19,background job dku,END,16962
00:56:03,background job hps,END,80752
00:56:16,background job aio,END,54684
00:56:16,scheduled task 643,END,40321
00:56:45,scheduled task 437,END,41594
00:56:47,scheduled task 231,END,24929
00:56:48,scheduled task 449,END,80635
00:57:04,background job aip,END,26069
00:57:40,background job pxz,END,96586
00:58:20,background job mrs,END,77436
00:58:36,scheduled task 499,END,56763
00:58:41,scheduled task 805,END,84161
00:58:57,background job uvy,END,66770
00:59:14,background job ipw,END,89701
01:00:12,background job pvz,END,79196
01:00:18,scheduled task 567,END,86874
01:00:27,background job gks,END,25348
01:00:36,background job knu,END,58145
01:01:07,scheduled task 423,END,67806
01:04:24,scheduled task 668,END,43280
