18:21:57,scheduled task 255,START,41547
18:22:11,scheduled task 167,START,87047
18:22:24,background job prv,START,92161
18:22:28,background job jot,START,52364
18:22:35,scheduled task 128,START,30179
18:22:37,scheduled task 255,END,41547
18:22:39,background job bhk,START,43463
18:22:43,scheduled task 500,START,69272
18:22:46,scheduled task 844,START,99450
18:22:52,background job koq,START,37576
18:23:00,background job lnw,START,18236
18:23:27,background job flp,START,95355
18:23:40,scheduled task 136,START,20439
18:23:41,background job lnw,END,18236
18:23:51,scheduled task 500,END,69272
18:24:00,background job epv,START,43489
18:24:17,scheduled task 346,START,28394
18:24:48,scheduled task 468,START,63499
18:24:52,scheduled task 368,START,37344
18:24:53,background job dhn,START,75162
18:24:54,scheduled task 232,START,49084
18:24:54,background job prv,END,92161
18:25:12,background job bhk,END,43463
18:25:16,scheduled task 611,START,36007
18:25:17,scheduled task 967,START,49583
18:25:18,background job amx,START,11493
18:25:36,background job hnp,START,82793
18:25:49,background job svz,START,91417
18:26:12,background job qwx,START,11391
18:26:14,background job suz,START,44380
18:26:18,scheduled task 632,START,11327
18:26:20,scheduled task 264,START,65018
18:26:40,scheduled task 302,START,96940
18:26:42,scheduled task 672,START,82065
18:26:43,scheduled task 580,START,24390
18:26:43,background job dhn,END,75162
18:26:47,scheduled task 562,START,76040
18:26:49,scheduled task 264,END,65018
18:26:50,background job jot,END,52364
18:26:53,scheduled task 433,START,58221
18:26:56,background job gwz,START,56075
18:27:12,scheduled task 763,START,96961
18:27:30,scheduled task 469,START,58375
18:27:44,scheduled task 927,START,80876
18:27:52,background job atz,START,99001
18:28:00,scheduled task 565,START,38637
18:28:02,scheduled task 945,START,95804
18:28:10,background job bcg,START,61680
18:28:13,background job mtv,START,82661
18:28:31,scheduled task 232,END,49084
18:28:38,background job dmv,START,10278
18:28:39,background job ghn,START,32150
18:28:40,background job irz,START,38136
18:28:50,scheduled task 992,START,40929
18:28:59,scheduled task 906,START,46755
18:29:03,scheduled task 856,START,33049
18:29:08,scheduled task 128,END,30179
18:29:09,scheduled task 665,START,35228
18:29:14,scheduled task 659,START,70844
18:29:30,scheduled task 707,START,85502
18:29:34,scheduled task 368,END,37344
18:29:38,scheduled task 967,END,49583
18:29:39,scheduled task 136,END,20439
18:29:43,background job aiu,START,60539
18:29:44,background job amx,END,11493
18:29:46,scheduled task 525,START,71592
18:29:55,scheduled task 758,START,60029
18:29:55,scheduled task 167,END,87047
18:30:09,scheduled task 469,END,58375
18:30:25,scheduled task 744,START,80245
18:30:47,scheduled task 891,START,44583
18:30:51,background job epv,END,43489
18:30:51,scheduled task 670,START,98394
18:30:56,scheduled task 869,START,33932
18:30:57,scheduled task 670,END,98394
18:31:08,scheduled task 931,START,43368
18:31:13,scheduled task 651,START,78276
18:31:23,scheduled task 124,START,41321
18:31:23,scheduled task 707,END,85502
18:31:25,scheduled task 433,END,58221
18:31:27,background job aoz,START,52997
18:31:30,scheduled task 906,END,46755
18:31:36,scheduled task 496,START,72298
18:31:41,background job suz,END,44380
18:31:43,background job fnu,START,23642
18:31:44,background job ghn,END,32150
18:31:45,scheduled task 654,START,42939
18:31:48,background job arw,START,91697
18:31:51,scheduled task 298,START,88624
18:31:59,scheduled task 584,START,76442
18:31:59,scheduled task 927,END,80876
18:32:00,background job dox,START,20612
18:32:04,background job qwx,END,11391
18:32:07,scheduled task 931,END,43368
18:32:10,scheduled task 302,END,96940
18:32:15,scheduled task 842,START,95644
18:32:17,background job dhw,START,86607
18:32:25,scheduled task 842,END,95644
18:32:35,background job fnu,END,23642
18:32:37,scheduled task 514,START,50205
18:32:38,background job aiu,END,60539
18:32:40,scheduled task 223,START,67178
18:32:50,scheduled task 659,END,70844
18:32:53,scheduled task 223,END,67178
18:32:55,scheduled task 640,START,99704
18:32:56,background job ioq,START,55984
18:33:01,background job efw,START,48605
18:33:02,scheduled task 992,END,40929
18:33:03,scheduled task 281,START,64371
18:33:04,background job fiw,START,43912
18:33:04,scheduled task 651,END,78276
18:33:06,background job djq,START,49544
18:33:09,background job pyz,START,97044
18:33:18,background job hnp,END,82793
18:33:19,background job ioq,END,55984
18:33:22,scheduled task 611,END,36007
18:33:23,scheduled task 844,END,99450
18:33:23,background job gsz,START,17984
18:33:28,scheduled task 344,START,56159
18:33:29,background job ail,START,19658
18:33:32,scheduled task 856,END,33049
18:33:38,background job grs,START,71744
18:33:41,scheduled task 319,START,26725
18:33:48,background job aoz,END,52997
18:33:58,background job swx,START,95275
18:34:21,background job ail,END,19658
18:34:24,scheduled task 672,END,82065
18:34:24,scheduled task 942,START,89682
18:34:34,background job eiy,START,95350
18:34:39,scheduled task 565,END,38637
18:34:41,background job cdr,START,94180
18:34:53,scheduled task 452,START,79837
18:34:57,background job evy,START,38010
18:34:58,background job svz,END,91417
18:35:16,scheduled task 632,END,11327
18:35:19,background job brz,START,20483
18:35:23,scheduled task 654,END,42939
18:35:29,background job duz,START,81610
18:35:32,scheduled task 716,START,52535
18:35:41,scheduled task 514,END,50205
18:35:43,background job irt,START,16281
18:35:49,scheduled task 665,END,35228
18:35:52,scheduled task 768,START,67877
18:35:53,background job koq,END,37576
18:35:58,scheduled task 738,START,18871
18:35:59,background job fiw,END,43912
18:36:03,scheduled task 281,END,64371
18:36:05,background job flp,END,95355
18:36:08,scheduled task 640,END,99704
18:36:08,background job eiy,END,95350
18:36:10,background job rtv,START,68580
18:36:16,scheduled task 346,END,28394
18:36:16,background job brz,END,20483
18:36:18,background job iow,START,81315
18:36:24,scheduled task 227,START,85448
18:36:24,background job rtv,END,68580
18:36:31,scheduled task 452,END,79837
18:36:35,background job ajw,START,12954
18:36:42,background job irt,END,16281
18:36:46,background job gsz,END,17984
18:37:09,background job dox,END,20612
18:37:19,background job swx,END,95275
18:37:28,background job mtv,END,82661
18:37:46,background job djq,END,49544
18:37:46,scheduled task 716,END,52535
18:37:53,scheduled task 344,END,56159
18:38:08,scheduled task 525,END,71592
18:38:08,scheduled task 468,END,63499
18:38:34,scheduled task 562,END,76040
18:38:57,scheduled task 758,END,60029
18:39:05,scheduled task 763,END,96961
18:39:06,scheduled task 891,END,44583
18:39:24,background job dmv,END,10278
18:39:41,background job gwz,END,56075
18:39:57,scheduled task 584,END,76442
18:40:33,background job ajw,END,12954
18:40:36,background job dhw,END,86607
18:40:38,scheduled task 869,END,33932
18:41:31,scheduled task 744,END,80245
18:41:32,scheduled task 227,END,85448
18:41:37,scheduled task 319,END,26725
18:41:38,scheduled task 580,END,24390
18:41:43,scheduled task 768,END,67877
18:42:10,background job atz,END,99001
18:42:17,scheduled task 945,END,95804
18:42:17,background job irz,END,38136
18:42:25,background job bcg,END,61680
18:42:32,background job evy,END,38010
18:42:33,background job efw,END,48605
18:43:16,scheduled task 496,END,72298
18:43:25,scheduled task 124,END,41321
18:43:55,background job iow,END,81315
18:43:55,background job arw,END,91697
18:43:55,scheduled task 298,END,88624
18:44:50,scheduled task 942,END,89682
18:44:52,scheduled task 738,END,18871
18:45:52,background job pyz,END,97044
18:46:06,background job grs,END,71744
18:49:07,background job cdr,END,94180
18:50:28,background job duz,END,81610
