05:22:52,scheduled task 618,START,74974
05:22:55,scheduled task 526,START,39469
05:23:07,scheduled task 259,START,39968
05:23:13,background job bix,START,44172
05:23:14,scheduled task 605,START,84142
05:23:18,scheduled task 833,START,98150
05:23:19,background job axy,START,35069
05:23:21,background job qxz,START,81823
05:23:26,background job abz,START,30578
05:23:28,scheduled task 492,START,37813
05:23:30,background job bix,END,44172
05:23:40,scheduled task 221,START,57406
05:23:41,scheduled task 526,END,39469
05:24:00,background job brx,START,53806
05:24:08,scheduled task 132,START,13280
05:24:16,background job cpx,START,26451
05:24:19,background job cxy,START,98627
05:24:19,background job axy,END,35069
05:24:22,background job ckp,START,17500
05:24:29,background job qxz,END,81823
05:24:30,background job bhj,START,73507
05:24:34,scheduled task 132,END,13280
05:24:41,scheduled task 776,START,71370
05:24:47,background job owy,START,70216
05:24:48,scheduled task 697,START,53521
05:24:52,background job cpx,END,26451
05:24:58,background job ghz,START,34430
05:24:59,scheduled task 758,START,65553
05:25:01,scheduled task 577,START,75803
05:25:03,background job hnq,START,38882
05:25:06,background job ort,START,48978
05:25:08,background job dlt,START,52242
05:25:14,background job ahj,START,38398
05:25:24,scheduled task 618,END,74974
05:25:27,background job dls,START,98567
05:25:29,background job dlt,END,52242
05:25:30,scheduled task 382,START,97423
05:25:42,background job bek,START,25016
05:25:51,background job ghz,END,34430
05:26:05,background job lvx,START,39174
05:26:06,background job cxy,END,98627
05:26:12,background job abz,END,30578
05:26:13,background job mst,START,30751
05:26:17,scheduled task 357,START,74369
05:26:18,background job ort,END,48978
05:26:20,scheduled task 498,START,13778
05:26:24,scheduled task 259,END,39968
05:26:31,scheduled task 517,START,82723
05:26:37,scheduled task 221,END,57406
05:26:38,background job huz,START,39519
05:26:39,scheduled task 621,START,78461
05:26:41,background job hnq,END,38882
05:26:43,background job gkt,START,10934
05:26:45,scheduled task 750,START,98831
05:26:54,scheduled task 941,START,49429
05:27:01,background job anu,START,27917
05:27:02,scheduled task 246,START,33525
05:27:03,background job efr,START,51657
05:27:06,scheduled task 668,START,95438
05:27:12,scheduled task 811,START,46480
05:27:16,background job huz,END,39519
05:27:25,scheduled task 899,START,49111
05:27:26,background job lqv,START,58535
05:27:26,scheduled task 833,END,98150
05:27:28,background job anu,END,27917
05:27:29,scheduled task 382,END,97423
05:27:34,background job muz,START,37032
05:27:39,background job him,START,70691
05:27:44,scheduled task 899,END,49111
05:27:56,background job mst,END,30751
05:28:05,background job efr,END,51657
05:28:10,scheduled task 556,START,18806
05:28:11,scheduled task 827,START,76750
05:28:20,scheduled task 214,START,82907
05:28:20,scheduled task 357,END,74369
05:28:23,background job pqr,START,71886
05:28:26,scheduled task 366,START,62289
05:28:27,scheduled task 914,START,63792
05:28:29,background job cij,START,21491
05:28:31,scheduled task 492,END,37813
05:28:39,scheduled task 693,START,53392
05:28:53,scheduled task 836,START,17511
05:28:57,scheduled task 811,END,46480
05:29:01,background job euz,START,95147
05:29:02,background job muz,END,37032
05:29:12,background job fxy,START,58899
05:29:19,scheduled task 214,END,82907
05:29:20,scheduled task 836,END,17511
05:29:21,scheduled task 591,START,38122
05:29:28,scheduled task 767,START,72019
05:29:29,scheduled task 663,START,42560
05:29:34,background job jkx,START,94872
05:29:51,scheduled task 596,START,48462
05:29:52,scheduled task 697,END,53521
05:29:57,background job dls,END,98567
05:30:02,scheduled task 415,START,50556
05:30:04,background job tux,START,41576
05:30:15,scheduled task 707,START,13749
05:30:20,background job gnz,START,81257
05:30:26,scheduled task 341,START,77040
05:30:27,scheduled task 750,END,98831
05:30:27,scheduled task 248,START,34521
05:30:32,scheduled task 941,END,49429
05:30:36,background job hit,START,72205
05:30:43,background job bgp,START,19608
05:30:46,scheduled task 517,END,82723
05:30:48,background job him,END,70691
05:30:54,background job kvy,START,98818
05:30:56,scheduled task 506,START,82322
05:31:01,scheduled task 827,END,76750
05:31:16,scheduled task 248,END,34521
05:31:18,scheduled task 233,START,24809
05:31:20,background job cdg,START,21134
05:31:30,scheduled task 506,END,82322
05:31:33,scheduled task 246,END,33525
05:31:34,scheduled task 515,START,12209
05:31:37,background job dfu,START,98204
05:31:40,background job dsz,START,66366
05:31:42,background job hjx,START,31087
05:31:43,background job bek,END,25016
05:31:48,background job euz,END,95147
05:31:49,scheduled task 341,END,77040
05:31:52,background job pst,START,64963
05:31:54,scheduled task 693,END,53392
05:32:01,scheduled task 107,START,86687
05:32:08,scheduled task 399,START,54888
05:32:09,scheduled task 783,START,83765
05:32:11,scheduled task 718,START,74487
05:32:17,background job dfu,END,98204
05:32:21,background job bfy,START,89222
05:32:23,scheduled task 515,END,12209
05:32:30,background job eln,START,29861
05:32:36,scheduled task 776,END,71370
05:32:40,scheduled task 683,START,87815
05:32:46,background job ksy,START,59074
05:32:48,scheduled task 263,START,75774
05:32:49,background job hjx,END,31087
05:32:51,background job bde,START,62222
05:32:52,scheduled task 767,END,72019
05:32:54,background job prt,START,94662
05:32:55,background job prt,END,94662
05:32:56,background job lsy,START,29635
05:32:59,scheduled task 605,END,84142
05:33:09,scheduled task 922,START,12912
05:33:10,background job aft,START,22192
05:33:19,background job ckp,END,17500
05:33:22,scheduled task 621,END,78461
05:33:23,scheduled task 758,END,65553
05:33:24,background job lvx,END,39174
05:33:27,scheduled task 542,START,40957
05:33:27,scheduled task 591,END,38122
05:33:34,background job pqr,END,71886
05:33:42,scheduled task 459,START,41712
05:33:46,scheduled task 524,START,33513
05:33:49,background job gpy,START,90185
05:33:49,background job lsy,END,29635
05:33:53,scheduled task 541,START,91259
05:34:02,background job cfg,START,47941
05:34:03,background job moz,START,30487
05:34:06,scheduled task 366,END,62289
05:34:16,scheduled task 233,END,24809
05:34:18,scheduled task 983,START,20305
05:34:19,scheduled task 415,END,50556
05:34:22,scheduled task 583,START,12313
05:34:28,scheduled task 498,END,13778
05:34:28,background job hjy,START,73196
05:34:31,background job foz,START,17426
05:34:37,background job cly,START,32493
05:34:42,scheduled task 541,END,91259
05:34:43,scheduled task 399,END,54888
05:34:55,scheduled task 914,END,63792
05:34:56,background job gnz,END,81257
05:34:57,scheduled task 543,START,43090
05:34:58,scheduled task 551,START,17038
05:35:00,background job cdt,START,81726
05:35:01,background job owy,END,70216
05:35:02,background job cmq,START,52353
05:35:04,background job avy,START,57902
05:35:05,scheduled task 250,START,16308
05:35:06,background job fxy,END,58899
05:35:13,scheduled task 783,END,83765
05:35:15,background job aft,END,22192
05:35:16,scheduled task 596,END,48462
05:35:17,scheduled task 583,END,12313
05:35:19,background job bgp,END,19608
05:35:20,background job lux,START,62436
05:35:24,scheduled task 966,START,37514
05:35:25,background job cdg,END,21134
05:35:28,background job bhj,END,73507
05:35:28,scheduled task 628,START,84460
05:35:34,background job hit,END,72205
05:35:39,scheduled task 661,START,78796
05:35:45,background job eln,END,29861
05:35:55,background job jvz,START,94212
05:35:55,scheduled task 966,END,37514
05:35:59,background job bmo,START,98368
05:35:59,background job pst,END,64963
05:36:04,background job hjy,END,73196
05:36:13,scheduled task 353,START,93989
05:36:16,scheduled task 981,START,72579
05:36:16,scheduled task 668,END,95438
05:36:22,background job clp,START,46229
05:36:26,background job ahj,END,38398
05:36:26,scheduled task 524,END,33513
05:36:42,scheduled task 540,START,19853
05:36:45,background job bfy,END,89222
05:36:49,scheduled task 679,START,47808
05:36:54,scheduled task 584,START,86962
05:36:57,scheduled task 630,START,15323
05:36:58,background job cel,START,14029
05:37:00,background job brx,END,53806
05:37:08,scheduled task 371,START,49110
05:37:09,scheduled task 263,END,75774
05:37:10,scheduled task 683,END,87815
05:37:11,background job dfr,START,52568
05:37:11,scheduled task 577,END,75803
05:37:12,background job cmq,END,52353
05:37:13,background job cfg,END,47941
05:37:23,scheduled task 913,START,26541
05:37:26,scheduled task 537,START,49388
05:37:30,background job alz,START,64351
05:37:38,scheduled task 917,START,27242
05:37:39,background job clv,START,93331
05:37:41,background job jtw,START,85241
05:37:45,background job ptu,START,88478
05:37:50,scheduled task 174,START,43254
05:37:54,background job isy,START,89323
05:37:55,scheduled task 353,END,93989
05:37:58,background job cel,END,14029
05:37:59,scheduled task 123,START,83784
05:38:03,background job emr,START,33908
05:38:04,background job guw,START,91302
05:38:07,scheduled task 679,END,47808
05:38:07,background job foz,END,17426
05:38:11,scheduled task 661,END,78796
05:38:13,scheduled task 718,END,74487
05:38:15,scheduled task 435,START,36325
05:38:18,scheduled task 584,END,86962
05:38:20,scheduled task 542,END,40957
05:38:25,scheduled task 435,END,36325
05:38:32,background job mnr,START,82741
05:38:33,scheduled task 460,START,47056
05:38:42,background job mnr,END,82741
05:38:51,background job bgi,START,87860
05:38:56,background job ptu,END,88478
05:39:02,scheduled task 876,START,77783
05:39:03,background job aly,START,23164
05:39:08,scheduled task 630,END,15323
05:39:08,scheduled task 211,START,12562
05:39:10,background job btw,START,60544
05:39:14,scheduled task 915,START,57743
05:39:18,background job moz,END,30487
05:39:23,scheduled task 840,START,89358
05:39:25,scheduled task 250,END,16308
05:39:26,background job lrv,START,43148
05:39:29,background job cht,START,71747
05:39:30,background job bmo,END,98368
05:39:33,background job fin,START,99836
05:39:38,scheduled task 258,START,23367
05:39:49,scheduled task 551,END,17038
05:39:52,scheduled task 876,END,77783
05:39:54,scheduled task 628,END,84460
05:39:56,background job jvz,END,94212
05:40:01,scheduled task 158,START,86419
05:40:02,scheduled task 373,START,16771
05:40:03,scheduled task 211,END,12562
05:40:11,background job bds,START,65275
05:40:14,background job gkt,END,10934
05:40:14,scheduled task 556,END,18806
05:40:14,scheduled task 943,START,17118
05:40:17,background job nwy,START,53708
05:40:19,scheduled task 459,END,41712
05:40:20,background job guw,END,91302
05:40:26,background job gpy,END,90185
05:40:29,background job alz,END,64351
05:40:36,background job btw,END,60544
05:40:37,scheduled task 952,START,33765
05:40:40,background job cvy,START,60413
05:40:42,scheduled task 663,END,42560
05:40:44,scheduled task 773,START,60252
05:40:45,scheduled task 452,START,16544
05:40:51,scheduled task 983,END,20305
05:40:59,scheduled task 373,END,16771
05:41:00,background job dsz,END,66366
05:41:00,scheduled task 140,START,45372
05:41:09,scheduled task 859,START,14063
05:41:11,background job isw,START,91627
05:41:12,scheduled task 186,START,91686
05:41:15,scheduled task 371,END,49110
05:41:20,scheduled task 537,END,49388
05:41:25,scheduled task 965,START,85938
05:41:26,scheduled task 174,END,43254
05:41:27,scheduled task 684,START,68141
05:41:30,background job bhk,START,46518
05:41:32,background job jkx,END,94872
05:41:35,scheduled task 981,END,72579
05:41:42,scheduled task 388,START,61567
05:42:02,background job cij,END,21491
05:42:02,scheduled task 794,START,10587
05:42:04,background job lqv,END,58535
05:42:06,scheduled task 943,END,17118
05:42:09,background job mvx,START,28757
05:42:15,background job gtu,START,94025
05:42:18,scheduled task 414,START,95632
05:42:22,background job tux,END,41576
05:42:25,background job bwx,START,94772
05:42:30,scheduled task 130,START,42615
05:42:35,background job aks,START,65697
05:42:36,scheduled task 186,END,91686
05:42:38,scheduled task 562,START,81282
05:42:40,background job aoy,START,82601
05:42:40,scheduled task 158,END,86419
05:42:41,background job dno,START,51378
05:42:44,background job ptx,START,11054
05:42:45,background job cly,END,32493
05:42:45,scheduled task 684,END,68141
05:42:46,background job dos,START,55344
05:42:47,background job ipy,START,12347
05:42:48,scheduled task 725,START,67075
05:42:50,scheduled task 199,START,93464
05:42:52,scheduled task 149,START,51904
05:42:57,scheduled task 562,END,81282
05:43:12,background job lux,END,62436
05:43:16,scheduled task 964,START,52152
05:43:19,scheduled task 349,START,71089
05:43:32,scheduled task 188,START,80121
05:43:32,scheduled task 859,END,14063
05:43:35,scheduled task 725,END,67075
05:43:37,background job gtu,END,94025
05:43:47,background job iwy,START,84752
05:43:50,background job ijs,START,41138
05:43:54,background job aly,END,23164
05:43:54,scheduled task 915,END,57743
05:44:01,scheduled task 130,END,42615
05:44:07,background job emr,END,33908
05:44:08,background job bly,START,64901
05:44:10,scheduled task 107,END,86687
05:44:10,background job ckl,START,38090
05:44:12,background job isu,START,70749
05:44:15,scheduled task 351,START,51232
05:44:16,background job knp,START,71332
05:44:18,background job jtw,END,85241
05:44:20,background job aov,START,71578
05:44:29,scheduled task 707,END,13749
05:44:29,scheduled task 140,END,45372
05:44:33,background job ksy,END,59074
05:44:36,background job ipy,END,12347
05:44:42,scheduled task 258,END,23367
05:44:46,background job nwy,END,53708
05:44:51,scheduled task 773,END,60252
05:45:12,background job bwx,END,94772
05:45:22,background job clp,END,46229
05:45:27,background job ckl,END,38090
05:45:29,background job avy,END,57902
05:45:34,scheduled task 543,END,43090
05:45:35,scheduled task 188,END,80121
05:45:39,background job bde,END,62222
05:45:41,background job kvy,END,98818
05:45:57,background job dno,END,51378
05:46:12,scheduled task 452,END,16544
05:46:27,scheduled task 794,END,10587
05:46:32,background job isu,END,70749
05:46:46,scheduled task 922,END,12912
05:46:56,scheduled task 199,END,93464
05:46:58,background job cdt,END,81726
05:47:06,scheduled task 540,END,19853
05:47:31,background job lrv,END,43148
05:47:46,scheduled task 123,END,83784
05:47:48,scheduled task 964,END,52152
05:47:57,scheduled task 349,END,71089
05:48:02,background job mvx,END,28757
05:48:08,scheduled task 840,END,89358
05:48:09,background job clv,END,93331
05:48:12,background job cht,END,71747
05:48:12,background job dos,END,55344
05:48:25,scheduled task 952,END,33765
05:49:08,scheduled task 917,END,27242
05:49:10,scheduled task 460,END,47056
05:49:19,background job dfr,END,52568
05:49:26,background job isy,END,89323
05:50:14,scheduled task 149,END,51904
05:50:32,background job bgi,END,87860
05:50:35,background job knp,END,71332
05:51:06,scheduled task 351,END,51232
05:51:22,background job bhk,END,46518
05:51:30,scheduled task 913,END,26541
05:52:08,scheduled task 965,END,85938
05:52:15,background job isw,END,91627
05:52:28,background job bds,END,65275
05:53:12,background job aov,END,71578
05:53:49,background job fin,END,99836
05:54:10,scheduled task 388,END,61567
05:54:35,background job aks,END,65697
05:55:14,scheduled task 414,END,95632
05:55:21,background job bly,END,64901
05:55:28,background job cvy,END,60413
05:55:52,background job ijs,END,41138
05:56:04,background job aoy,END,82601
05:56:43,background job ptx,END,11054
05:57:11,background job iwy,END,84752
