03:03:05,scheduled task 672,START,73791
03:03:07,background job bjq,START,65239
03:03:10,background job egl,START,72837
03:03:12,background job dgw,START,25631
03:03:14,background job qwz,START,89041
03:03:17,scheduled task 205,START,52791
03:03:21,background job bgn,START,16679
03:03:23,background job kst,START,88251
03:03:25,scheduled task 349,START,85787
03:03:37,background job drz,START,76898
03:03:40,scheduled task 569,START,56332
03:03:42,scheduled task 214,START,47469
03:03:47,scheduled task 682,START,37528
03:03:49,background job nxy,START,96645
03:03:51,scheduled task 382,START,69666
03:03:55,background job chk,START,89480
03:04:02,background job dvy,START,89140
03:04:08,scheduled task 963,START,45309
03:04:11,background job lnz,START,73655
03:04:17,scheduled task 476,START,39756
03:04:18,scheduled task 167,START,91746
03:04:19,scheduled task 569,END,56332
03:04:20,background job mrw,START,64451
03:04:22,background job inz,START,54393
03:04:23,scheduled task 477,START,89669
03:04:28,background job suw,START,71158
03:04:29,background job epq,START,89922
03:04:30,background job boq,START,91523
03:04:32,scheduled task 465,START,80424
03:04:33,scheduled task 934,START,99127
03:04:34,background job aux,START,11549
03:04:35,scheduled task 165,START,90105
03:04:37,background job bcq,START,12790
03:04:38,scheduled task 412,START,93225
03:04:40,scheduled task 517,START,25377
03:04:46,background job ctw,START,96709
03:04:49,scheduled task 476,END,39756
03:04:51,scheduled task 817,START,92006
03:04:52,background job cdg,START,43059
03:04:53,background job ioy,START,91517
03:04:54,scheduled task 520,START,48344
03:05:02,scheduled task 738,START,59747
03:05:08,background job dmu,START,99218
03:05:13,background job jlr,START,10955
03:05:17,scheduled task 386,START,70555
03:05:18,background job acn,START,95796
03:05:24,background job gvx,START,66322
03:05:27,scheduled task 916,START,23540
03:05:27,background job cdg,END,43059
03:05:32,scheduled task 141,START,17363
03:05:33,background job mpw,START,15994
03:05:36,background job abt,START,25892
03:05:38,scheduled task 141,END,17363
03:05:40,scheduled task 501,START,81575
03:05:41,scheduled task 361,START,55042
03:05:51,scheduled task 172,START,86754
03:05:55,background job bcz,START,61582
03:05:59,background job inz,END,54393
03:06:01,background job akz,START,88907
03:06:06,background job acv,START,67486
03:06:12,background job djm,START,80481
03:06:16,background job bky,START,50982
03:06:19,background job cgh,START,43702
03:06:24,scheduled task 205,END,52791
03:06:26,background job cgt,START,66771
03:06:27,background job cjw,START,49764
03:06:30,scheduled task 916,END,23540
03:06:31,scheduled task 934,END,99127
03:06:32,background job afj,START,77666
03:06:37,scheduled task 844,START,87905
03:06:41,scheduled task 886,START,48431
03:06:42,background job chk,END,89480
03:06:47,background job dkp,START,52927
03:06:50,scheduled task 824,START,28013
03:06:51,scheduled task 767,START,68329
03:06:51,background job bjq,END,65239
03:06:57,background job kou,START,82135
03:06:58,scheduled task 137,START,54572
03:06:59,background job luy,START,72434
03:07:01,scheduled task 185,START,12017
03:07:04,background job mpw,END,15994
03:07:08,scheduled task 653,START,45316
03:07:09,background job bcg,START,56496
03:07:09,background job lnz,END,73655
03:07:15,background job etx,START,38844
03:07:16,scheduled task 348,START,91263
03:07:20,scheduled task 620,START,92654
03:07:23,background job ksz,START,48048
03:07:24,background job fms,START,61418
03:07:25,background job mxz,START,72097
03:07:26,background job dem,START,60354
03:07:27,background job jrw,START,48008
03:07:28,background job jrw,END,48008
03:07:30,scheduled task 698,START,97405
03:07:30,background job suw,END,71158
03:07:31,background job fmr,START,77647
03:07:32,background job ctu,START,21968
03:07:39,background job fjw,START,69902
03:07:41,scheduled task 663,START,43741
03:07:45,scheduled task 883,START,73599
03:07:47,background job egl,END,72837
03:07:48,background job lsu,START,20335
03:07:49,background job kou,END,82135
03:07:52,scheduled task 620,END,92654
03:07:56,background job kst,END,88251
03:07:57,scheduled task 266,START,49747
03:07:59,background job hjt,START,25527
03:08:01,scheduled task 377,START,87427
03:08:02,scheduled task 125,START,42307
03:08:03,scheduled task 936,START,78718
03:08:05,background job epq,END,89922
03:08:06,scheduled task 469,START,87109
03:08:07,background job fkt,START,98669
03:08:10,scheduled task 435,START,49329
03:08:16,background job hwy,START,22138
03:08:24,background job ksz,END,48048
03:08:26,background job hjn,START,28858
03:08:27,scheduled task 882,START,82438
03:08:28,scheduled task 698,END,97405
03:08:31,scheduled task 765,START,31845
03:08:32,background job rtx,START,30589
03:08:33,background job ctw,END,96709
03:08:33,background job hmw,START,52350
03:08:35,background job aez,START,62136
03:08:36,scheduled task 412,END,93225
03:08:37,background job dpw,START,86145
03:08:37,background job hmw,END,52350
03:08:42,background job dvy,END,89140
03:08:44,scheduled task 180,START,51757
03:08:49,background job pqs,START,72975
03:08:53,scheduled task 882,END,82438
03:08:59,scheduled task 435,END,49329
03:09:07,background job amu,START,78353
03:09:11,scheduled task 770,START,65890
03:09:16,background job bnw,START,84732
03:09:17,background job lry,START,40684
03:09:23,background job fjq,START,36660
03:09:24,background job hnt,START,49422
03:09:29,background job gps,START,36950
03:09:32,scheduled task 261,START,64576
03:09:33,background job boq,END,91523
03:09:33,background job hwy,END,22138
03:09:35,background job koq,START,30669
03:09:36,background job efz,START,57606
03:09:36,background job mrw,END,64451
03:09:38,background job kru,START,23823
03:09:38,scheduled task 765,END,31845
03:09:40,background job lsu,END,20335
03:09:41,background job dmu,END,99218
03:09:44,scheduled task 772,START,17214
03:09:48,background job kpv,START,93140
03:09:50,scheduled task 886,END,48431
03:09:50,scheduled task 554,START,86262
03:09:54,scheduled task 265,START,39517
03:09:58,background job bmt,START,36618
03:10:02,background job iky,START,55732
03:10:07,scheduled task 554,END,86262
03:10:11,background job acv,END,67486
03:10:13,scheduled task 258,START,31694
03:10:17,scheduled task 672,END,73791
03:10:17,scheduled task 640,START,76679
03:10:18,background job egp,START,80514
03:10:20,background job dnx,START,38923
03:10:22,background job rvz,START,63982
03:10:24,scheduled task 682,END,37528
03:10:26,scheduled task 963,END,45309
03:10:26,background job luy,END,72434
03:10:28,background job nxz,START,56030
03:10:28,background job bky,END,50982
03:10:29,background job fmp,START,87128
03:10:32,background job drz,END,76898
03:10:35,background job cpw,START,35559
03:10:37,background job cjw,END,49764
03:10:39,background job dfv,START,75409
03:10:41,background job gms,START,81441
03:10:42,scheduled task 172,END,86754
03:10:45,scheduled task 180,END,51757
03:10:48,background job dfv,END,75409
03:10:53,background job rtx,END,30589
03:10:55,scheduled task 772,END,17214
03:10:55,background job hil,START,96142
03:10:56,background job dnx,END,38923
03:10:58,background job jux,START,17638
03:11:00,background job bcq,END,12790
03:11:02,background job avy,START,84109
03:11:03,background job kpv,END,93140
03:11:06,scheduled task 824,END,28013
03:11:09,scheduled task 738,END,59747
03:11:10,scheduled task 829,START,82534
03:11:11,background job hjx,START,79371
03:11:16,background job bmt,END,36618
03:11:20,background job gms,END,81441
03:11:23,background job lot,START,36112
03:11:42,background job alp,START,54340
03:11:43,scheduled task 287,START,34187
03:11:44,background job bij,START,80366
03:11:52,background job dhu,START,34344
03:11:52,scheduled task 125,END,42307
03:11:53,background job cms,START,83509
03:11:54,background job jux,END,17638
03:11:57,scheduled task 517,END,25377
03:11:59,scheduled task 226,START,74546
03:12:00,background job jlr,END,10955
03:12:03,scheduled task 307,START,73618
03:12:06,background job dnu,START,40178
03:12:08,scheduled task 358,START,81162
03:12:11,background job hjn,END,28858
03:12:17,background job aes,START,98490
03:12:19,background job nxy,END,96645
03:12:19,background job abx,START,37681
03:12:21,background job efq,START,46177
03:12:23,background job dku,START,69942
03:12:25,background job hsv,START,74970
03:12:29,scheduled task 313,START,54137
03:12:32,scheduled task 465,END,80424
03:12:42,background job egn,START,86902
03:12:49,scheduled task 307,END,73618
03:12:52,background job afj,END,77666
03:12:52,background job amu,END,78353
03:12:54,scheduled task 661,START,50777
03:12:55,scheduled task 815,START,93290
03:13:01,scheduled task 674,START,64057
03:13:04,scheduled task 161,START,75853
03:13:08,background job acn,END,95796
03:13:13,background job fxz,START,92190
03:13:20,background job bcz,END,61582
03:13:26,background job bjm,START,75430
03:13:28,background job djm,END,80481
03:13:31,background job psx,START,15087
03:13:33,background job ejl,START,91345
03:13:36,background job tyz,START,60351
03:13:44,scheduled task 884,START,64645
03:13:46,background job alx,START,35917
03:13:50,background job exz,START,65278
03:13:51,background job grx,START,82943
03:13:54,scheduled task 266,END,49747
03:13:56,scheduled task 726,START,50142
03:14:03,background job mxz,END,72097
03:14:06,scheduled task 677,START,34914
03:14:07,scheduled task 386,END,70555
03:14:07,background job fxz,END,92190
03:14:11,background job gps,END,36950
03:14:14,scheduled task 642,START,51484
03:14:16,scheduled task 597,START,72371
03:14:17,background job avy,END,84109
03:14:17,background job stw,START,81908
03:14:18,scheduled task 902,START,72046
03:14:28,scheduled task 817,END,92006
03:14:28,background job hsv,END,74970
03:14:32,scheduled task 270,START,47677
03:14:35,background job amr,START,62898
03:14:38,background job hil,END,96142
03:14:39,scheduled task 286,START,99407
03:14:39,scheduled task 642,END,51484
03:14:44,background job dgw,END,25631
03:14:53,background job aes,END,98490
03:14:56,background job quv,START,16980
03:15:00,background job cgh,END,43702
03:15:03,background job eny,START,35220
03:15:15,background job jkx,START,74766
03:15:16,background job rvz,END,63982
03:15:18,background job deq,START,22597
03:15:20,background job fln,START,46500
03:15:20,scheduled task 313,END,54137
03:15:21,background job hnt,END,49422
03:15:22,scheduled task 600,START,92646
03:15:26,scheduled task 919,START,40169
03:15:30,scheduled task 185,END,12017
03:15:31,background job grx,END,82943
03:15:33,scheduled task 214,END,47469
03:15:34,scheduled task 770,END,65890
03:15:38,scheduled task 167,END,91746
03:15:39,scheduled task 113,START,94533
03:15:40,background job qwz,END,89041
03:15:43,scheduled task 600,END,92646
03:15:46,scheduled task 112,START,70700
03:15:50,background job pqs,END,72975
03:15:50,scheduled task 496,START,69927
03:15:55,scheduled task 548,START,81690
03:15:56,scheduled task 553,START,40254
03:15:58,background job din,START,19847
03:16:01,background job cfp,START,88167
03:16:01,scheduled task 113,END,94533
03:16:02,background job eko,START,64631
03:16:03,scheduled task 293,START,56319
03:16:04,background job koq,END,30669
03:16:04,background job abx,END,37681
03:16:07,scheduled task 847,START,29971
03:16:11,background job bnw,END,84732
03:16:13,background job hjy,START,22926
03:16:15,scheduled task 936,END,78718
03:16:15,background job fkl,START,64613
03:16:19,background job gtw,START,30234
03:16:32,background job hjt,END,25527
03:16:32,scheduled task 677,END,34914
03:16:33,background job cfz,START,65038
03:16:34,background job cms,END,83509
03:16:43,background job dpw,END,86145
03:16:43,background job bds,START,63859
03:16:44,scheduled task 477,END,89669
03:16:45,scheduled task 591,START,87810
03:16:46,background job fkl,END,64613
03:16:49,background job efz,END,57606
03:16:50,scheduled task 357,START,67841
03:16:51,scheduled task 661,END,50777
03:16:51,background job uvw,START,54788
03:16:55,background job dhu,END,34344
03:16:55,background job bjm,END,75430
03:16:57,background job fjq,END,36660
03:16:58,scheduled task 926,START,63266
03:17:00,background job iky,END,55732
03:17:03,scheduled task 122,START,69552
03:17:04,background job emt,START,26208
03:17:05,scheduled task 609,START,39339
03:17:08,background job hjx,END,79371
03:17:08,scheduled task 469,END,87109
03:17:08,scheduled task 161,END,75853
03:17:13,background job qsx,START,46488
03:17:14,scheduled task 377,END,87427
03:17:18,background job ckn,START,92795
03:17:21,scheduled task 382,END,69666
03:17:23,background job dst,START,57873
03:17:24,scheduled task 361,END,55042
03:17:24,scheduled task 137,END,54572
03:17:24,scheduled task 173,START,24634
03:17:26,background job loz,START,31827
03:17:28,background job abt,END,25892
03:17:29,scheduled task 663,END,43741
03:17:29,background job dst,END,57873
03:17:29,scheduled task 959,START,34106
03:17:36,background job uvw,END,54788
03:17:38,scheduled task 788,START,53540
03:17:50,scheduled task 911,START,10539
03:17:52,background job etx,END,38844
03:17:52,background job jnr,START,27249
03:17:54,background job dgh,START,62580
03:17:54,background job bgn,END,16679
03:17:55,background job biz,START,26038
03:17:56,background job fms,END,61418
03:17:56,scheduled task 837,START,79148
03:17:59,background job dem,END,60354
03:18:03,scheduled task 996,START,63992
03:18:04,scheduled task 473,START,97164
03:18:06,background job alx,END,35917
03:18:07,background job alm,START,40787
03:18:10,background job kru,END,23823
03:18:11,scheduled task 802,START,25716
03:18:11,scheduled task 847,END,29971
03:18:12,background job aux,END,11549
03:18:13,scheduled task 884,END,64645
03:18:14,scheduled task 281,START,81133
03:18:15,background job amr,END,62898
03:18:16,background job akz,END,88907
03:18:16,scheduled task 293,END,56319
03:18:17,background job tyz,END,60351
03:18:19,scheduled task 349,END,85787
03:18:19,scheduled task 902,END,72046
03:18:22,background job ioy,END,91517
03:18:22,scheduled task 453,START,28658
03:18:25,background job ahk,START,13361
03:18:27,background job ewz,START,66802
03:18:28,scheduled task 914,START,77098
03:18:30,background job cls,START,78576
03:18:31,scheduled task 756,START,42303
03:18:32,scheduled task 421,START,72615
03:18:35,background job stw,END,81908
03:18:36,scheduled task 548,END,81690
03:18:37,scheduled task 165,END,90105
03:18:38,scheduled task 158,START,51622
03:18:40,scheduled task 844,END,87905
03:18:40,background job div,START,54372
03:18:41,scheduled task 485,START,10018
03:18:45,scheduled task 265,END,39517
03:18:45,scheduled task 653,END,45316
03:18:47,scheduled task 932,START,14460
03:18:47,scheduled task 286,END,99407
03:18:49,background job ost,START,17050
03:19:01,background job fmr,END,77647
03:19:05,scheduled task 512,START,38090
03:19:06,scheduled task 640,END,76679
03:19:11,background job bij,END,80366
03:19:12,scheduled task 490,START,48411
03:19:12,background job hjy,END,22926
03:19:15,background job lry,END,40684
03:19:15,scheduled task 883,END,73599
03:19:16,scheduled task 861,START,70224
03:19:17,background job egq,START,32809
03:19:18,scheduled task 630,START,53725
03:19:20,background job ewz,END,66802
03:19:24,background job psw,START,88742
03:19:25,scheduled task 609,END,39339
03:19:26,background job ikr,START,16164
03:19:26,background job bcg,END,56496
03:19:28,background job jnq,START,53690
03:19:31,scheduled task 466,START,38637
03:19:35,background job nqu,START,49916
03:19:37,background job hox,START,20532
03:19:41,scheduled task 589,START,10638
03:19:42,scheduled task 520,END,48344
03:19:42,scheduled task 996,END,63992
03:19:44,background job avx,START,72996
03:19:48,background job got,START,40910
03:19:51,scheduled task 496,END,69927
03:19:53,background job cjo,START,49692
03:19:56,background job ces,START,18990
03:19:57,background job fkt,END,98669
03:19:59,background job evx,START,61293
03:20:01,background job avx,END,72996
03:20:03,background job egq,END,32809
03:20:06,scheduled task 813,START,40279
03:20:08,scheduled task 473,END,97164
03:20:13,scheduled task 226,END,74546
03:20:17,scheduled task 767,END,68329
03:20:19,background job cgt,END,66771
03:20:21,background job egn,END,86902
03:20:22,background job gvx,END,66322
03:20:24,background job fru,START,45268
03:20:24,scheduled task 453,END,28658
03:20:26,scheduled task 345,START,82429
03:20:27,background job dkp,END,52927
03:20:27,background job adh,START,39890
03:20:31,background job acu,START,99295
03:20:31,background job nxz,END,56030
03:20:35,background job eko,END,64631
03:20:35,scheduled task 904,START,50497
03:20:37,scheduled task 928,START,45562
03:20:39,scheduled task 323,START,13425
03:20:39,scheduled task 501,END,81575
03:20:39,scheduled task 258,END,31694
03:20:42,background job jkx,END,74766
03:20:46,background job ahk,END,13361
03:20:48,background job cos,START,92467
03:20:49,scheduled task 365,START,27038
03:20:54,scheduled task 911,END,10539
03:20:54,scheduled task 806,START,76517
03:21:03,scheduled task 832,START,33225
03:21:04,background job adh,END,39890
03:21:08,scheduled task 134,START,35951
03:21:08,scheduled task 173,END,24634
03:21:10,scheduled task 979,START,89183
03:21:10,scheduled task 630,END,53725
03:21:11,background job ctu,END,21968
03:21:11,scheduled task 589,END,10638
03:21:12,scheduled task 261,END,64576
03:21:13,scheduled task 845,START,70516
03:21:13,scheduled task 802,END,25716
03:21:15,scheduled task 122,END,69552
03:21:16,background job hqw,START,89914
03:21:16,background job fmp,END,87128
03:21:27,scheduled task 381,START,70005
03:21:27,background job alm,END,40787
03:21:29,background job biz,END,26038
03:21:30,background job nqu,END,49916
03:21:31,background job ejl,END,91345
03:21:32,background job etz,START,88185
03:21:34,background job atv,START,34991
03:21:34,scheduled task 345,END,82429
03:21:38,scheduled task 143,START,66082
03:21:39,scheduled task 815,END,93290
03:21:40,scheduled task 281,END,81133
03:21:41,background job aez,END,62136
03:21:41,scheduled task 560,START,68252
03:21:42,background job lqr,START,50147
03:21:47,scheduled task 354,START,88028
03:21:49,background job acj,START,71802
03:21:50,background job cdm,START,16538
03:21:50,background job egp,END,80514
03:21:51,scheduled task 959,END,34106
03:21:57,background job fku,START,26504
03:22:01,background job iqu,START,59036
03:22:05,background job fjw,END,69902
03:22:07,scheduled task 823,START,94743
03:22:07,scheduled task 837,END,79148
03:22:10,scheduled task 690,START,60825
03:22:10,scheduled task 348,END,91263
03:22:13,scheduled task 971,START,26012
03:22:13,scheduled task 358,END,81162
03:22:18,background job ost,END,17050
03:22:20,background job jpy,START,81969
03:22:21,scheduled task 462,START,56163
03:22:23,background job oqz,START,57782
03:22:24,scheduled task 237,START,79708
03:22:26,scheduled task 143,END,66082
03:22:32,scheduled task 706,START,18241
03:22:34,background job cls,END,78576
03:22:37,background job bfu,START,87912
03:22:38,background job gtw,END,30234
03:22:42,background job dku,END,69942
03:22:43,scheduled task 135,START,28244
03:22:44,background job jnr,END,27249
03:22:46,background job ces,END,18990
03:22:48,background job ntw,START,99633
03:22:50,background job ckn,END,92795
03:22:52,scheduled task 110,START,85442
03:22:55,scheduled task 637,START,57903
03:22:56,background job ktw,START,31766
03:22:57,scheduled task 287,END,34187
03:22:58,background job got,END,40910
03:23:05,background job orz,START,96229
03:23:06,background job inv,START,67160
03:23:07,scheduled task 597,END,72371
03:23:09,scheduled task 145,START,98564
03:23:09,background job div,END,54372
03:23:11,background job loz,END,31827
03:23:12,scheduled task 706,END,18241
03:23:14,scheduled task 629,START,52961
03:23:15,scheduled task 269,START,70143
03:23:23,background job dnu,END,40178
03:23:26,scheduled task 553,END,40254
03:23:28,background job gpy,START,27593
03:23:30,background job bfu,END,87912
03:23:33,background job hop,START,73747
03:23:33,scheduled task 832,END,33225
03:23:37,background job ckx,START,83049
03:23:38,background job lpt,START,12590
03:23:40,background job cdu,START,17537
03:23:44,scheduled task 136,START,67341
03:23:45,scheduled task 466,END,38637
03:23:50,scheduled task 954,START,82245
03:23:51,scheduled task 283,START,58712
03:23:53,scheduled task 932,END,14460
03:23:55,background job cpw,END,35559
03:23:57,background job ntw,END,99633
03:23:58,scheduled task 829,END,82534
03:23:58,background job psx,END,15087
03:23:59,scheduled task 485,END,10018
03:24:00,background job ers,START,26583
03:24:05,scheduled task 782,START,48727
03:24:06,scheduled task 664,START,41252
03:24:15,background job klp,START,42403
03:24:16,scheduled task 421,END,72615
03:24:16,background job hov,START,53906
03:24:18,background job jnq,END,53690
03:24:19,scheduled task 904,END,50497
03:24:20,scheduled task 761,START,44431
03:24:22,background job evx,END,61293
03:24:23,background job ktw,END,31766
03:24:25,background job beh,START,76868
03:24:27,scheduled task 720,START,40956
03:24:30,scheduled task 814,START,31373
03:24:33,background job emt,END,26208
03:24:33,background job klp,END,42403
03:24:36,background job ikr,END,16164
03:24:38,scheduled task 729,START,24959
03:24:39,background job aiq,START,21647
03:24:41,scheduled task 782,END,48727
03:24:49,background job doy,START,75121
03:24:50,scheduled task 462,END,56163
03:24:51,background job acj,END,71802
03:24:54,background job bds,END,63859
03:24:55,background job cjo,END,49692
03:24:56,scheduled task 806,END,76517
03:24:59,background job eiy,START,20209
03:25:00,background job gnp,START,80425
03:25:04,scheduled task 674,END,64057
03:25:06,background job gwz,START,64872
03:25:10,scheduled task 713,START,14753
03:25:11,background job cnv,START,44662
03:25:12,scheduled task 861,END,70224
03:25:14,scheduled task 120,START,28902
03:25:17,background job bqt,START,30077
03:25:19,background job auz,START,70686
03:25:24,background job alp,END,54340
03:25:25,background job fln,END,46500
03:25:26,background job jlu,START,55357
03:25:28,scheduled task 420,START,96128
03:25:29,background job fns,START,99498
03:25:32,background job doy,END,75121
03:25:33,background job auz,END,70686
03:25:35,background job hku,START,78796
03:25:36,background job fhs,START,50710
03:25:37,background job ikt,START,71291
03:25:38,background job jvw,START,48712
03:25:41,background job bdn,START,37295
03:25:43,background job cfp,END,88167
03:25:44,scheduled task 828,START,21741
03:25:47,background job csx,START,94216
03:25:48,scheduled task 482,START,19209
03:25:49,scheduled task 111,START,17381
03:25:49,background job cdu,END,17537
03:25:51,background job cnv,END,44662
03:25:51,background job hwx,START,45915
03:25:57,background job dgk,START,43732
03:26:00,background job gwz,END,64872
03:26:01,background job lot,END,36112
03:26:05,scheduled task 764,START,83992
03:26:10,background job bgj,START,81155
03:26:11,background job cvz,START,70221
03:26:13,scheduled task 560,END,68252
03:26:15,background job bim,START,57529
03:26:16,background job gqt,START,57270
03:26:16,background job hwx,END,45915
03:26:18,background job iln,START,21145
03:26:19,scheduled task 292,START,20238
03:26:22,scheduled task 118,START,39996
03:26:22,background job orz,END,96229
03:26:30,background job oxy,START,45661
03:26:31,background job bdq,START,67610
03:26:32,scheduled task 369,START,34725
03:26:33,background job crz,START,25695
03:26:34,background job vxy,START,39157
03:26:36,background job qsx,END,46488
03:26:40,scheduled task 926,END,63266
03:26:40,background job jpy,END,81969
03:26:41,scheduled task 870,START,91805
03:26:42,background job exz,END,65278
03:26:44,scheduled task 665,START,65541
03:26:48,scheduled task 189,START,74926
03:26:50,background job ejq,START,86583
03:26:50,background job eny,END,35220
03:26:51,background job btu,START,96770
03:26:56,scheduled task 783,START,18140
03:26:58,scheduled task 845,END,70516
03:26:59,background job fns,END,99498
03:27:01,scheduled task 921,START,37924
03:27:04,scheduled task 788,END,53540
03:27:04,scheduled task 828,END,21741
03:27:06,scheduled task 919,END,40169
03:27:07,scheduled task 210,START,70149
03:27:09,background job efq,END,46177
03:27:09,scheduled task 112,END,70700
03:27:13,background job dsv,START,46000
03:27:17,scheduled task 177,START,68085
03:27:19,scheduled task 158,END,51622
03:27:21,background job deq,END,22597
03:27:23,background job psw,END,88742
03:27:24,background job bfh,START,80584
03:27:27,background job gmr,START,73410
03:27:28,background job atx,START,20444
03:27:29,scheduled task 177,END,68085
03:27:32,scheduled task 756,END,42303
03:27:33,background job gnp,END,80425
03:27:35,scheduled task 270,END,47677
03:27:37,background job gmo,START,25553
03:27:39,background job dry,START,84821
03:27:41,scheduled task 292,END,20238
03:27:42,background job afx,START,12564
03:27:43,scheduled task 664,END,41252
03:27:45,background job hmu,START,60477
03:27:46,background job flr,START,43373
03:27:51,scheduled task 304,START,49803
03:27:57,background job quv,END,16980
03:28:02,background job enp,START,59288
03:28:04,scheduled task 305,START,60651
03:28:07,scheduled task 164,START,56028
03:28:08,scheduled task 814,END,31373
03:28:09,background job dgk,END,43732
03:28:10,scheduled task 441,START,78660
03:28:12,scheduled task 427,START,75088
03:28:14,scheduled task 448,START,24639
03:28:15,background job dkq,START,64338
03:28:17,scheduled task 726,END,50142
03:28:18,scheduled task 357,END,67841
03:28:23,background job amn,START,41603
03:28:25,scheduled task 603,START,95285
03:28:31,background job mqr,START,12343
03:28:33,scheduled task 729,END,24959
03:28:34,scheduled task 914,END,77098
03:28:35,scheduled task 443,START,64913
03:28:35,background job bfh,END,80584
03:28:36,background job bfn,START,36572
03:28:39,scheduled task 305,END,60651
03:28:43,scheduled task 764,END,83992
03:28:45,background job vwz,START,48507
03:28:47,background job atv,END,34991
03:28:48,scheduled task 813,END,40279
03:28:48,background job bjs,START,55816
03:28:52,scheduled task 237,END,79708
03:28:59,scheduled task 687,START,14897
03:29:01,background job cjv,START,11135
03:29:02,background job cvz,END,70221
03:29:03,background job ano,START,12048
03:29:04,scheduled task 166,START,10301
03:29:05,background job anr,START,78788
03:29:06,background job bfz,START,55044
03:29:09,scheduled task 427,END,75088
03:29:09,scheduled task 326,START,16824
03:29:12,background job asz,START,72505
03:29:12,background job gmr,END,73410
03:29:13,background job bim,END,57529
03:29:13,background job jvw,END,48712
03:29:13,scheduled task 644,START,76081
03:29:17,scheduled task 591,END,87810
03:29:20,scheduled task 405,START,16475
03:29:23,background job bgj,END,81155
03:29:24,background job iks,START,13692
03:29:24,scheduled task 512,END,38090
03:29:25,scheduled task 135,END,28244
03:29:25,scheduled task 385,START,40703
03:29:30,background job emy,START,29724
03:29:30,scheduled task 385,END,40703
03:29:31,scheduled task 124,START,57109
03:29:38,scheduled task 315,START,46523
03:29:46,background job eiy,END,20209
03:29:48,scheduled task 323,END,13425
03:29:49,scheduled task 629,END,52961
03:29:59,background job dgh,END,62580
03:30:01,background job amn,END,41603
03:30:04,background job flr,END,43373
03:30:06,background job bdq,END,67610
03:30:07,background job oxy,END,45661
03:30:09,scheduled task 354,END,88028
03:30:11,scheduled task 690,END,60825
03:30:19,background job cfz,END,65038
03:30:20,scheduled task 644,END,76081
03:30:24,background job din,END,19847
03:30:31,scheduled task 448,END,24639
03:30:41,background job afx,END,12564
03:30:46,background job lqr,END,50147
03:30:48,scheduled task 269,END,70143
03:30:53,scheduled task 166,END,10301
03:31:03,background job ckx,END,83049
03:31:04,scheduled task 783,END,18140
03:31:06,background job csx,END,94216
03:31:07,background job cdm,END,16538
03:31:20,scheduled task 111,END,17381
03:31:23,scheduled task 283,END,58712
03:31:26,background job crz,END,25695
03:31:33,background job oqz,END,57782
03:31:36,scheduled task 928,END,45562
03:31:40,scheduled task 405,END,16475
03:31:45,scheduled task 110,END,85442
03:31:49,background job iln,END,21145
03:31:51,background job hop,END,73747
03:31:58,scheduled task 482,END,19209
03:32:00,scheduled task 720,END,40956
03:32:00,scheduled task 490,END,48411
03:32:07,background job fhs,END,50710
03:32:08,scheduled task 304,END,49803
03:32:12,background job hov,END,53906
03:32:30,background job etz,END,88185
03:32:33,background job dry,END,84821
03:32:41,background job atx,END,20444
03:32:45,scheduled task 326,END,16824
03:32:49,scheduled task 369,END,34725
03:32:50,background job fru,END,45268
03:32:57,background job acu,END,99295
03:33:05,scheduled task 145,END,98564
03:33:10,scheduled task 381,END,70005
03:33:11,background job hku,END,78796
03:33:21,background job gmo,END,25553
03:33:22,background job bfn,END,36572
03:33:27,scheduled task 665,END,65541
03:33:30,scheduled task 124,END,57109
03:33:31,background job beh,END,76868
03:33:43,scheduled task 713,END,14753
03:33:43,background job gpy,END,27593
03:33:47,background job fku,END,26504
03:33:52,background job dkq,END,64338
03:34:04,background job lpt,END,12590
03:34:07,background job mqr,END,12343
03:34:11,background job hmu,END,60477
03:34:12,scheduled task 315,END,46523
03:34:27,scheduled task 443,END,64913
03:34:27,background job hox,END,20532
03:34:45,background job inv,END,67160
03:34:47,scheduled task 637,END,57903
03:34:49,background job vwz,END,48507
03:34:51,background job iks,END,13692
03:34:57,background job emy,END,29724
03:35:03,scheduled task 971,END,26012
03:35:04,background job bqt,END,30077
03:35:04,background job vxy,END,39157
03:35:07,scheduled task 365,END,27038
03:35:19,background job hqw,END,89914
03:35:23,scheduled task 979,END,89183
03:35:28,background job btu,END,96770
03:35:28,background job cos,END,92467
03:35:34,scheduled task 823,END,94743
03:35:36,background job anr,END,78788
03:35:47,scheduled task 134,END,35951
03:35:51,scheduled task 761,END,44431
03:35:56,scheduled task 189,END,74926
03:35:58,scheduled task 870,END,91805
03:36:03,background job bdn,END,37295
03:36:05,scheduled task 210,END,70149
03:36:08,background job iqu,END,59036
03:36:08,scheduled task 954,END,82245
03:36:53,background job ejq,END,86583
03:37:04,scheduled task 420,END,96128
03:37:20,background job jlu,END,55357
03:37:21,scheduled task 136,END,67341
03:37:24,background job aiq,END,21647
03:37:29,background job ers,END,26583
03:37:51,scheduled task 687,END,14897
03:37:58,scheduled task 921,END,37924
03:38:26,background job bfz,END,55044
03:38:40,background job ikt,END,71291
03:38:46,scheduled task 441,END,78660
03:39:24,scheduled task 120,END,28902
03:39:31,background job enp,END,59288
03:39:32,background job cjv,END,11135
03:40:40,scheduled task 118,END,39996
03:40:54,background job bjs,END,55816
03:41:09,background job gqt,END,57270
03:41:32,background job dsv,END,46000
03:42:28,background job ano,END,12048
03:42:47,scheduled task 603,END,95285
03:42:57,scheduled task 164,END,56028
03:43:37,background job asz,END,72505
